<?xml version="1.0" encoding="UTF-8"?>
<!-- Generated by org.testng.reporters.JUnitReportReporter -->
<testsuite hostname="LAPTOP-V2A973PI" failures="0" tests="1" name="com.tests.GreenKartTest" time="14.546" errors="0" timestamp="2023-09-11T22:32:32 IST" skipped="0">
  <testcase classname="com.tests.GreenKartTest" name="verifyLoginPageTitleTest" time="14.546"/>
</testsuite> <!-- com.tests.GreenKartTest -->
